<?xml version="1.0" encoding="UTF-8"?>
<testsuite xmlns:xsi="http://www.w3.org/2001/XMLSchema-instance" xsi:noNamespaceSchemaLocation="https://maven.apache.org/surefire/maven-surefire-plugin/xsd/surefire-test-report.xsd" version="3.0.2" name="com.spotify2.test.PlaylistTest" time="14.037" tests="5" errors="0" skipped="0" failures="0">
  <properties>
    <property name="java.specification.version" value="23"/>
    <property name="sun.cpu.isalist" value="amd64"/>
    <property name="sun.jnu.encoding" value="Cp1252"/>
    <property name="java.class.path" value="C:\Users\rajha\eclipse-workspace\Spotify2.0\target\test-classes;C:\Users\rajha\eclipse-workspace\Spotify2.0\target\classes;C:\Users\rajha\.m2\repository\io\rest-assured\rest-assured\5.5.1\rest-assured-5.5.1.jar;C:\Users\rajha\.m2\repository\org\apache\groovy\groovy\4.0.22\groovy-4.0.22.jar;C:\Users\rajha\.m2\repository\org\apache\groovy\groovy-xml\4.0.22\groovy-xml-4.0.22.jar;C:\Users\rajha\.m2\repository\org\apache\httpcomponents\httpclient\4.5.13\httpclient-4.5.13.jar;C:\Users\rajha\.m2\repository\org\apache\httpcomponents\httpcore\4.4.13\httpcore-4.4.13.jar;C:\Users\rajha\.m2\repository\commons-logging\commons-logging\1.2\commons-logging-1.2.jar;C:\Users\rajha\.m2\repository\org\apache\httpcomponents\httpmime\4.5.13\httpmime-4.5.13.jar;C:\Users\rajha\.m2\repository\org\hamcrest\hamcrest\2.2\hamcrest-2.2.jar;C:\Users\rajha\.m2\repository\org\ccil\cowan\tagsoup\tagsoup\1.2.1\tagsoup-1.2.1.jar;C:\Users\rajha\.m2\repository\io\rest-assured\json-path\5.5.1\json-path-5.5.1.jar;C:\Users\rajha\.m2\repository\org\apache\groovy\groovy-json\4.0.22\groovy-json-4.0.22.jar;C:\Users\rajha\.m2\repository\io\rest-assured\rest-assured-common\5.5.1\rest-assured-common-5.5.1.jar;C:\Users\rajha\.m2\repository\io\rest-assured\xml-path\5.5.1\xml-path-5.5.1.jar;C:\Users\rajha\.m2\repository\org\apache\commons\commons-lang3\3.16.0\commons-lang3-3.16.0.jar;C:\Users\rajha\.m2\repository\org\testng\testng\7.11.0\testng-7.11.0.jar;C:\Users\rajha\.m2\repository\org\slf4j\slf4j-api\2.0.16\slf4j-api-2.0.16.jar;C:\Users\rajha\.m2\repository\org\jcommander\jcommander\1.83\jcommander-1.83.jar;C:\Users\rajha\.m2\repository\org\webjars\jquery\3.7.1\jquery-3.7.1.jar;C:\Users\rajha\.m2\repository\com\fasterxml\jackson\core\jackson-databind\2.18.3\jackson-databind-2.18.3.jar;C:\Users\rajha\.m2\repository\com\fasterxml\jackson\core\jackson-annotations\2.18.3\jackson-annotations-2.18.3.jar;C:\Users\rajha\.m2\repository\com\fasterxml\jackson\core\jackson-core\2.18.3\jackson-core-2.18.3.jar;C:\Users\rajha\.m2\repository\org\skyscreamer\jsonassert\1.5.3\jsonassert-1.5.3.jar;C:\Users\rajha\.m2\repository\com\vaadin\external\google\android-json\0.0.20131108.vaadin1\android-json-0.0.20131108.vaadin1.jar;C:\Users\rajha\.m2\repository\org\hamcrest\hamcrest-core\2.2\hamcrest-core-2.2.jar;C:\Users\rajha\.m2\repository\org\apache\poi\poi-ooxml\4.1.2\poi-ooxml-4.1.2.jar;C:\Users\rajha\.m2\repository\org\apache\poi\poi-ooxml-schemas\4.1.2\poi-ooxml-schemas-4.1.2.jar;C:\Users\rajha\.m2\repository\org\apache\xmlbeans\xmlbeans\3.1.0\xmlbeans-3.1.0.jar;C:\Users\rajha\.m2\repository\org\apache\commons\commons-compress\1.19\commons-compress-1.19.jar;C:\Users\rajha\.m2\repository\com\github\virtuald\curvesapi\1.06\curvesapi-1.06.jar;C:\Users\rajha\.m2\repository\org\apache\poi\poi\4.1.2\poi-4.1.2.jar;C:\Users\rajha\.m2\repository\commons-codec\commons-codec\1.13\commons-codec-1.13.jar;C:\Users\rajha\.m2\repository\org\apache\commons\commons-collections4\4.4\commons-collections4-4.4.jar;C:\Users\rajha\.m2\repository\org\apache\commons\commons-math3\3.6.1\commons-math3-3.6.1.jar;C:\Users\rajha\.m2\repository\com\zaxxer\SparseBitSet\1.2\SparseBitSet-1.2.jar;C:\Users\rajha\.m2\repository\commons-io\commons-io\2.11.0\commons-io-2.11.0.jar;C:\Users\rajha\.m2\repository\io\qameta\allure\allure-testng\2.29.1\allure-testng-2.29.1.jar;C:\Users\rajha\.m2\repository\io\qameta\allure\allure-java-commons\2.29.1\allure-java-commons-2.29.1.jar;C:\Users\rajha\.m2\repository\io\qameta\allure\allure-model\2.29.1\allure-model-2.29.1.jar;C:\Users\rajha\.m2\repository\io\qameta\allure\allure-test-filter\2.29.1\allure-test-filter-2.29.1.jar;"/>
    <property name="java.vm.vendor" value="Oracle Corporation"/>
    <property name="sun.arch.data.model" value="64"/>
    <property name="user.variant" value=""/>
    <property name="java.vendor.url" value="https://java.oracle.com/"/>
    <property name="user.timezone" value="Asia/Calcutta"/>
    <property name="os.name" value="Windows 11"/>
    <property name="java.vm.specification.version" value="23"/>
    <property name="sun.java.launcher" value="SUN_STANDARD"/>
    <property name="user.country" value="IN"/>
    <property name="sun.boot.library.path" value="C:\Program Files\Java\jdk-23\bin"/>
    <property name="sun.java.command" value="C:\Users\rajha\AppData\Local\Temp\surefire11558382323985396470\surefirebooter-20250318224608773_3.jar C:\Users\rajha\AppData\Local\Temp\surefire11558382323985396470 2025-03-18T22-46-08_683-jvmRun1 surefire-20250318224608773_1tmp surefire_0-20250318224608773_2tmp"/>
    <property name="jdk.debug" value="release"/>
    <property name="surefire.test.class.path" value="C:\Users\rajha\eclipse-workspace\Spotify2.0\target\test-classes;C:\Users\rajha\eclipse-workspace\Spotify2.0\target\classes;C:\Users\rajha\.m2\repository\io\rest-assured\rest-assured\5.5.1\rest-assured-5.5.1.jar;C:\Users\rajha\.m2\repository\org\apache\groovy\groovy\4.0.22\groovy-4.0.22.jar;C:\Users\rajha\.m2\repository\org\apache\groovy\groovy-xml\4.0.22\groovy-xml-4.0.22.jar;C:\Users\rajha\.m2\repository\org\apache\httpcomponents\httpclient\4.5.13\httpclient-4.5.13.jar;C:\Users\rajha\.m2\repository\org\apache\httpcomponents\httpcore\4.4.13\httpcore-4.4.13.jar;C:\Users\rajha\.m2\repository\commons-logging\commons-logging\1.2\commons-logging-1.2.jar;C:\Users\rajha\.m2\repository\org\apache\httpcomponents\httpmime\4.5.13\httpmime-4.5.13.jar;C:\Users\rajha\.m2\repository\org\hamcrest\hamcrest\2.2\hamcrest-2.2.jar;C:\Users\rajha\.m2\repository\org\ccil\cowan\tagsoup\tagsoup\1.2.1\tagsoup-1.2.1.jar;C:\Users\rajha\.m2\repository\io\rest-assured\json-path\5.5.1\json-path-5.5.1.jar;C:\Users\rajha\.m2\repository\org\apache\groovy\groovy-json\4.0.22\groovy-json-4.0.22.jar;C:\Users\rajha\.m2\repository\io\rest-assured\rest-assured-common\5.5.1\rest-assured-common-5.5.1.jar;C:\Users\rajha\.m2\repository\io\rest-assured\xml-path\5.5.1\xml-path-5.5.1.jar;C:\Users\rajha\.m2\repository\org\apache\commons\commons-lang3\3.16.0\commons-lang3-3.16.0.jar;C:\Users\rajha\.m2\repository\org\testng\testng\7.11.0\testng-7.11.0.jar;C:\Users\rajha\.m2\repository\org\slf4j\slf4j-api\2.0.16\slf4j-api-2.0.16.jar;C:\Users\rajha\.m2\repository\org\jcommander\jcommander\1.83\jcommander-1.83.jar;C:\Users\rajha\.m2\repository\org\webjars\jquery\3.7.1\jquery-3.7.1.jar;C:\Users\rajha\.m2\repository\com\fasterxml\jackson\core\jackson-databind\2.18.3\jackson-databind-2.18.3.jar;C:\Users\rajha\.m2\repository\com\fasterxml\jackson\core\jackson-annotations\2.18.3\jackson-annotations-2.18.3.jar;C:\Users\rajha\.m2\repository\com\fasterxml\jackson\core\jackson-core\2.18.3\jackson-core-2.18.3.jar;C:\Users\rajha\.m2\repository\org\skyscreamer\jsonassert\1.5.3\jsonassert-1.5.3.jar;C:\Users\rajha\.m2\repository\com\vaadin\external\google\android-json\0.0.20131108.vaadin1\android-json-0.0.20131108.vaadin1.jar;C:\Users\rajha\.m2\repository\org\hamcrest\hamcrest-core\2.2\hamcrest-core-2.2.jar;C:\Users\rajha\.m2\repository\org\apache\poi\poi-ooxml\4.1.2\poi-ooxml-4.1.2.jar;C:\Users\rajha\.m2\repository\org\apache\poi\poi-ooxml-schemas\4.1.2\poi-ooxml-schemas-4.1.2.jar;C:\Users\rajha\.m2\repository\org\apache\xmlbeans\xmlbeans\3.1.0\xmlbeans-3.1.0.jar;C:\Users\rajha\.m2\repository\org\apache\commons\commons-compress\1.19\commons-compress-1.19.jar;C:\Users\rajha\.m2\repository\com\github\virtuald\curvesapi\1.06\curvesapi-1.06.jar;C:\Users\rajha\.m2\repository\org\apache\poi\poi\4.1.2\poi-4.1.2.jar;C:\Users\rajha\.m2\repository\commons-codec\commons-codec\1.13\commons-codec-1.13.jar;C:\Users\rajha\.m2\repository\org\apache\commons\commons-collections4\4.4\commons-collections4-4.4.jar;C:\Users\rajha\.m2\repository\org\apache\commons\commons-math3\3.6.1\commons-math3-3.6.1.jar;C:\Users\rajha\.m2\repository\com\zaxxer\SparseBitSet\1.2\SparseBitSet-1.2.jar;C:\Users\rajha\.m2\repository\commons-io\commons-io\2.11.0\commons-io-2.11.0.jar;C:\Users\rajha\.m2\repository\io\qameta\allure\allure-testng\2.29.1\allure-testng-2.29.1.jar;C:\Users\rajha\.m2\repository\io\qameta\allure\allure-java-commons\2.29.1\allure-java-commons-2.29.1.jar;C:\Users\rajha\.m2\repository\io\qameta\allure\allure-model\2.29.1\allure-model-2.29.1.jar;C:\Users\rajha\.m2\repository\io\qameta\allure\allure-test-filter\2.29.1\allure-test-filter-2.29.1.jar;"/>
    <property name="sun.cpu.endian" value="little"/>
    <property name="user.home" value="C:\Users\rajha"/>
    <property name="user.language" value="en"/>
    <property name="java.specification.vendor" value="Oracle Corporation"/>
    <property name="java.version.date" value="2025-01-21"/>
    <property name="java.home" value="C:\Program Files\Java\jdk-23"/>
    <property name="file.separator" value="\"/>
    <property name="basedir" value="C:\Users\rajha\eclipse-workspace\Spotify2.0"/>
    <property name="java.vm.compressedOopsMode" value="32-bit"/>
    <property name="line.separator" value="&#10;"/>
    <property name="java.vm.specification.vendor" value="Oracle Corporation"/>
    <property name="java.specification.name" value="Java Platform API Specification"/>
    <property name="surefire.real.class.path" value="C:\Users\rajha\AppData\Local\Temp\surefire11558382323985396470\surefirebooter-20250318224608773_3.jar"/>
    <property name="user.script" value=""/>
    <property name="sun.management.compiler" value="HotSpot 64-Bit Tiered Compilers"/>
    <property name="java.runtime.version" value="23.0.2+7-58"/>
    <property name="user.name" value="rajha"/>
    <property name="stdout.encoding" value="Cp1252"/>
    <property name="path.separator" value=";"/>
    <property name="os.version" value="10.0"/>
    <property name="java.runtime.name" value="Java(TM) SE Runtime Environment"/>
    <property name="file.encoding" value="UTF-8"/>
    <property name="java.vm.name" value="Java HotSpot(TM) 64-Bit Server VM"/>
    <property name="localRepository" value="C:\Users\rajha\.m2\repository"/>
    <property name="java.vendor.url.bug" value="https://bugreport.java.com/bugreport/"/>
    <property name="java.io.tmpdir" value="C:\Users\rajha\AppData\Local\Temp\"/>
    <property name="java.version" value="23.0.2"/>
    <property name="user.dir" value="C:\Users\rajha\eclipse-workspace\Spotify2.0"/>
    <property name="os.arch" value="amd64"/>
    <property name="java.vm.specification.name" value="Java Virtual Machine Specification"/>
    <property name="sun.os.patch.level" value=""/>
    <property name="native.encoding" value="Cp1252"/>
    <property name="java.library.path" value="C:\Program Files\Java\jdk-23\bin;C:\WINDOWS\Sun\Java\bin;C:\WINDOWS\system32;C:\WINDOWS;C:\Program Files\Common Files\Oracle\Java\javapath;C:\WINDOWS\system32;C:\WINDOWS;C:\WINDOWS\System32\Wbem;C:\WINDOWS\System32\WindowsPowerShell\v1.0\;C:\WINDOWS\System32\OpenSSH\;C:\Users\rajha\Downloads\apache-maven-3.9.9-bin\apache-maven-3.9.9\bin;C:\Program Files\Git\cmd;C:\Users\rajha\scoop\shims;C:\Users\rajha\AppData\Local\Microsoft\WindowsApps;."/>
    <property name="java.vm.info" value="mixed mode, sharing"/>
    <property name="stderr.encoding" value="Cp1252"/>
    <property name="java.vendor" value="Oracle Corporation"/>
    <property name="java.vm.version" value="23.0.2+7-58"/>
    <property name="sun.io.unicode.encoding" value="UnicodeLittle"/>
    <property name="java.class.version" value="67.0"/>
  </properties>
  <testcase name="shouldBeAbletoCreateAPlaylist" classname="com.spotify2.test.PlaylistTest" time="6.526">
    <system-out><![CDATA[Renewing Token..............
Request method:	POST
Request URI:	https://accounts.spotify.com/api/token
Proxy:			<none>
Request params:	<none>
Query params:	<none>
Form params:	refresh_token=AQAOQuK4rntlw3QWFf72gURkkcS1cq41xvQhz9tNLafRR0M3frt9atyOidtsTsW-_HfUnGJWTHKcV_ZFn6EmarMq6I1keI2AWQxhwbiTJPzE3MAS7Wu2UduYyOXI1k3pSnk
				grant_type=refresh_token
				client_secret=e0e9a79238934ed48b3c9d19c66852d5
				client_id=0ac8924172dd43e1bb707692c3ff96cc
Path params:	<none>
Headers:		Accept=*/*
				Content-Type=application/x-www-form-urlencoded; charset=ISO-8859-1
Cookies:		<none>
Multiparts:		<none>
Body:			<none>
HTTP/1.1 200 OK
date: Tue, 18 Mar 2025 17:16:13 GMT
content-type: application/json
vary: Accept-Encoding
x-request-id: 3da0eecd-946a-4d91-9847-0cdf3f140561
set-cookie: __Host-device_id=AQBLIZFItrEZqpltEbNAkBBBqqk5KU41AepN2Tzqd8CtlFAHoFbimsDnvbaOI1khL3q_BAoY3_EN7f1gvn6bE2s013sPGCHriyU;Version=1;Path=/;Max-Age=2147483647;Secure;HttpOnly;SameSite=Lax
set-cookie: sp_tr=false;Version=1;Domain=accounts.spotify.com;Path=/;Secure;SameSite=Lax
sp-trace-id: 760e859e63ec5362
content-encoding: gzip
x-envoy-upstream-service-time: 22
server: envoy
strict-transport-security: max-age=31536000
x-content-type-options: nosniff
Via: HTTP/2 edgeproxy, 1.1 google
Alt-Svc: h3=":443"; ma=2592000,h3-29=":443"; ma=2592000
Transfer-Encoding: chunked

{
    "access_token": "BQCYSkbnzUsfxHvj1JbT5j0os6SIvdbwFiM-vWOiztdWR-1eGCeQZGTBBXaBXL0DgDp22TFZ3f_hOcvMw7prFO2IxNAB1rXTYmi8VNy8pt8tlYVricNIFYRmlUkzF8YdirtQcsdUS3xCWMrmdOgw-AoDcPEJZOY0aBEOesjfx6aH961mD5ZR1kg3D-InOlksLvCeqvY5JI8wDTG-jo6MD3r6jwLDjZQ6PQtUZbMYc0E-TBX8urpRwyWur_dpo0IfSViqxYjMN_woaKfbpWNLBWN1KML4lES1Jvj9EXmlpK1ZTGV3",
    "token_type": "Bearer",
    "expires_in": 3600,
    "scope": "playlist-read-private playlist-read-collaborative playlist-modify-private playlist-modify-public"
}
Request method:	POST
Request URI:	https://api.spotify.com/v1/users/31zy4x3sktopajcaffdfppza3dqq/playlists
Proxy:			<none>
Request params:	<none>
Query params:	<none>
Form params:	<none>
Path params:	<none>
Headers:		Authorization=Bearer BQCYSkbnzUsfxHvj1JbT5j0os6SIvdbwFiM-vWOiztdWR-1eGCeQZGTBBXaBXL0DgDp22TFZ3f_hOcvMw7prFO2IxNAB1rXTYmi8VNy8pt8tlYVricNIFYRmlUkzF8YdirtQcsdUS3xCWMrmdOgw-AoDcPEJZOY0aBEOesjfx6aH961mD5ZR1kg3D-InOlksLvCeqvY5JI8wDTG-jo6MD3r6jwLDjZQ6PQtUZbMYc0E-TBX8urpRwyWur_dpo0IfSViqxYjMN_woaKfbpWNLBWN1KML4lES1Jvj9EXmlpK1ZTGV3
				Accept=*/*
				Content-Type=application/json
Cookies:		<none>
Multiparts:		<none>
Body:
{
    "description": "bhojpuri song collection",
    "name": "My New Playlist",
    "public": false
}
HTTP/1.1 201 Created
content-type: application/json; charset=utf-8
cache-control: private, max-age=0
x-robots-tag: noindex, nofollow
access-control-allow-origin: *
access-control-allow-headers: Accept, App-Platform, Authorization, Content-Type, Origin, Retry-After, Spotify-App-Version, X-Cloud-Trace-Context, client-token, content-access-token
access-control-allow-methods: GET, POST, OPTIONS, PUT, DELETE, PATCH
access-control-allow-credentials: true
access-control-max-age: 604800
content-encoding: gzip
strict-transport-security: max-age=31536000
x-content-type-options: nosniff
date: Tue, 18 Mar 2025 17:16:15 GMT
server: envoy
Via: HTTP/2 edgeproxy, 1.1 google
Alt-Svc: h3=":443"; ma=2592000,h3-29=":443"; ma=2592000
Transfer-Encoding: chunked

{
    "collaborative": false,
    "description": "bhojpuri song collection",
    "external_urls": {
        "spotify": "https://open.spotify.com/playlist/48zb2VWCdLmZgjNYpsJNRz"
    },
    "followers": {
        "href": null,
        "total": 0
    },
    "href": "https://api.spotify.com/v1/playlists/48zb2VWCdLmZgjNYpsJNRz",
    "id": "48zb2VWCdLmZgjNYpsJNRz",
    "images": [
        
    ],
    "primary_color": null,
    "name": "My New Playlist",
    "type": "playlist",
    "uri": "spotify:playlist:48zb2VWCdLmZgjNYpsJNRz",
    "owner": {
        "href": "https://api.spotify.com/v1/users/31zy4x3sktopajcaffdfppza3dqq",
        "id": "31zy4x3sktopajcaffdfppza3dqq",
        "type": "user",
        "uri": "spotify:user:31zy4x3sktopajcaffdfppza3dqq",
        "display_name": null,
        "external_urls": {
            "spotify": "https://open.spotify.com/user/31zy4x3sktopajcaffdfppza3dqq"
        }
    },
    "public": false,
    "snapshot_id": "AAAAPVlohRylXFKBhAN4u/Z20sbrTwAP",
    "tracks": {
        "limit": 100,
        "next": null,
        "offset": 0,
        "previous": null,
        "href": "https://api.spotify.com/v1/playlists/48zb2VWCdLmZgjNYpsJNRz/tracks",
        "total": 0,
        "items": [
            
        ]
    }
}
]]></system-out>
    <system-err><![CDATA[SLF4J(W): No SLF4J providers were found.
SLF4J(W): Defaulting to no-operation (NOP) logger implementation
SLF4J(W): See https://www.slf4j.org/codes.html#noProviders for further details.
]]></system-err>
  </testcase>
  <testcase name="shouldBeAbletoGetAPlaylist" classname="com.spotify2.test.PlaylistTest" time="1.376">
    <system-out><![CDATA[===========>>>Token is good to use
Request method:	GET
Request URI:	https://api.spotify.com/v1/playlists/28jAHBHOLa7pOBNMOkuuOj
Proxy:			<none>
Request params:	<none>
Query params:	<none>
Form params:	<none>
Path params:	<none>
Headers:		Authorization=Bearer BQCYSkbnzUsfxHvj1JbT5j0os6SIvdbwFiM-vWOiztdWR-1eGCeQZGTBBXaBXL0DgDp22TFZ3f_hOcvMw7prFO2IxNAB1rXTYmi8VNy8pt8tlYVricNIFYRmlUkzF8YdirtQcsdUS3xCWMrmdOgw-AoDcPEJZOY0aBEOesjfx6aH961mD5ZR1kg3D-InOlksLvCeqvY5JI8wDTG-jo6MD3r6jwLDjZQ6PQtUZbMYc0E-TBX8urpRwyWur_dpo0IfSViqxYjMN_woaKfbpWNLBWN1KML4lES1Jvj9EXmlpK1ZTGV3
				Accept=*/*
				Content-Type=application/json
Cookies:		<none>
Multiparts:		<none>
Body:			<none>
HTTP/1.1 200 OK
content-type: application/json; charset=utf-8
cache-control: public, max-age=0
etag: "MC-IjM4MWFhZWMzMjc1MzE1ZmMzMjc5NGM0MzRiZjA1MzFhIg=="
x-robots-tag: noindex, nofollow
access-control-allow-origin: *
access-control-allow-headers: Accept, App-Platform, Authorization, Content-Type, Origin, Retry-After, Spotify-App-Version, X-Cloud-Trace-Context, client-token, content-access-token
access-control-allow-methods: GET, POST, OPTIONS, PUT, DELETE, PATCH
access-control-allow-credentials: true
access-control-max-age: 604800
content-encoding: gzip
strict-transport-security: max-age=31536000
x-content-type-options: nosniff
date: Tue, 18 Mar 2025 17:16:17 GMT
server: envoy
Via: HTTP/2 edgeproxy, 1.1 google
Alt-Svc: h3=":443"; ma=2592000,h3-29=":443"; ma=2592000
Transfer-Encoding: chunked

{
    "collaborative": false,
    "description": "Updated playlist description kumar sanu",
    "external_urls": {
        "spotify": "https://open.spotify.com/playlist/28jAHBHOLa7pOBNMOkuuOj"
    },
    "followers": {
        "href": null,
        "total": 0
    },
    "href": "https://api.spotify.com/v1/playlists/28jAHBHOLa7pOBNMOkuuOj",
    "id": "28jAHBHOLa7pOBNMOkuuOj",
    "images": null,
    "name": "Updated Playlist Name- kumar sanu",
    "owner": {
        "display_name": "Raju",
        "external_urls": {
            "spotify": "https://open.spotify.com/user/31zy4x3sktopajcaffdfppza3dqq"
        },
        "href": "https://api.spotify.com/v1/users/31zy4x3sktopajcaffdfppza3dqq",
        "id": "31zy4x3sktopajcaffdfppza3dqq",
        "type": "user",
        "uri": "spotify:user:31zy4x3sktopajcaffdfppza3dqq"
    },
    "primary_color": null,
    "public": true,
    "snapshot_id": "AAAAAnZ0SbfREfqRkU0vEaRGzZSwZpLu",
    "tracks": {
        "href": "https://api.spotify.com/v1/playlists/28jAHBHOLa7pOBNMOkuuOj/tracks?offset=0&limit=0",
        "items": [
            
        ],
        "limit": 0,
        "next": null,
        "offset": 0,
        "previous": null,
        "total": 0
    },
    "type": "playlist",
    "uri": "spotify:playlist:28jAHBHOLa7pOBNMOkuuOj"
}
]]></system-out>
  </testcase>
  <testcase name="shouldBeAbletoUpdateAPlaylist" classname="com.spotify2.test.PlaylistTest" time="0.773">
    <system-out><![CDATA[===========>>>Token is good to use
Request method:	PUT
Request URI:	https://api.spotify.com/v1/playlists/7qklEIaair760Fpq86m7hU
Proxy:			<none>
Request params:	<none>
Query params:	<none>
Form params:	<none>
Path params:	<none>
Headers:		Authorization=Bearer BQCYSkbnzUsfxHvj1JbT5j0os6SIvdbwFiM-vWOiztdWR-1eGCeQZGTBBXaBXL0DgDp22TFZ3f_hOcvMw7prFO2IxNAB1rXTYmi8VNy8pt8tlYVricNIFYRmlUkzF8YdirtQcsdUS3xCWMrmdOgw-AoDcPEJZOY0aBEOesjfx6aH961mD5ZR1kg3D-InOlksLvCeqvY5JI8wDTG-jo6MD3r6jwLDjZQ6PQtUZbMYc0E-TBX8urpRwyWur_dpo0IfSViqxYjMN_woaKfbpWNLBWN1KML4lES1Jvj9EXmlpK1ZTGV3
				Accept=*/*
				Content-Type=application/json
Cookies:		<none>
Multiparts:		<none>
Body:
{
    "description": "bhojpuri song collection",
    "name": "My New Playlist Bhojpuri",
    "public": false
}
HTTP/1.1 200 OK
cache-control: private, max-age=0
x-robots-tag: noindex, nofollow
access-control-allow-origin: *
access-control-allow-headers: Accept, App-Platform, Authorization, Content-Type, Origin, Retry-After, Spotify-App-Version, X-Cloud-Trace-Context, client-token, content-access-token
access-control-allow-methods: GET, POST, OPTIONS, PUT, DELETE, PATCH
access-control-allow-credentials: true
access-control-max-age: 604800
Content-Length: 0
strict-transport-security: max-age=31536000
x-content-type-options: nosniff
date: Tue, 18 Mar 2025 17:16:18 GMT
server: envoy
Via: HTTP/2 edgeproxy, 1.1 google
Alt-Svc: h3=":443"; ma=2592000,h3-29=":443"; ma=2592000
]]></system-out>
  </testcase>
  <testcase name="shouldNotBeAbletoCreateAPlaylist" classname="com.spotify2.test.PlaylistTest" time="0.645">
    <system-out><![CDATA[===========>>>Token is good to use
Request method:	POST
Request URI:	https://api.spotify.com/v1/users/31zy4x3sktopajcaffdfppza3dqq/playlists
Proxy:			<none>
Request params:	<none>
Query params:	<none>
Form params:	<none>
Path params:	<none>
Headers:		Authorization=Bearer BQCYSkbnzUsfxHvj1JbT5j0os6SIvdbwFiM-vWOiztdWR-1eGCeQZGTBBXaBXL0DgDp22TFZ3f_hOcvMw7prFO2IxNAB1rXTYmi8VNy8pt8tlYVricNIFYRmlUkzF8YdirtQcsdUS3xCWMrmdOgw-AoDcPEJZOY0aBEOesjfx6aH961mD5ZR1kg3D-InOlksLvCeqvY5JI8wDTG-jo6MD3r6jwLDjZQ6PQtUZbMYc0E-TBX8urpRwyWur_dpo0IfSViqxYjMN_woaKfbpWNLBWN1KML4lES1Jvj9EXmlpK1ZTGV3
				Accept=*/*
				Content-Type=application/json
Cookies:		<none>
Multiparts:		<none>
Body:
{
    "description": "bhojpuri song collection",
    "name": "",
    "public": false
}
HTTP/1.1 400 Bad Request
content-type: application/json; charset=utf-8
cache-control: private, max-age=0
access-control-allow-origin: *
access-control-allow-headers: Accept, App-Platform, Authorization, Content-Type, Origin, Retry-After, Spotify-App-Version, X-Cloud-Trace-Context, client-token, content-access-token
access-control-allow-methods: GET, POST, OPTIONS, PUT, DELETE, PATCH
access-control-allow-credentials: true
access-control-max-age: 604800
content-encoding: gzip
strict-transport-security: max-age=31536000
x-content-type-options: nosniff
date: Tue, 18 Mar 2025 17:16:18 GMT
server: envoy
Via: HTTP/2 edgeproxy, 1.1 google
Alt-Svc: h3=":443"; ma=2592000,h3-29=":443"; ma=2592000
Transfer-Encoding: chunked

{
    "error": {
        "status": 400,
        "message": "Missing required field: name"
    }
}
]]></system-out>
  </testcase>
  <testcase name="shouldNotBeAbletoCreateAPlaylistwithExpiredToken" classname="com.spotify2.test.PlaylistTest" time="3.063">
    <system-out><![CDATA[Request method:	POST
Request URI:	https://api.spotify.com/v1/users/31zy4x3sktopajcaffdfppza3dqq/playlists
Proxy:			<none>
Request params:	<none>
Query params:	<none>
Form params:	<none>
Path params:	<none>
Headers:		Authorization=Bearer 12345
				Accept=*/*
				Content-Type=application/json
Cookies:		<none>
Multiparts:		<none>
Body:
{
    "description": "bhojpuri song collection",
    "name": "My New Playlist",
    "public": false
}
HTTP/1.1 401 Unauthorized
www-authenticate: Bearer realm="spotify", error="invalid_token", error_description="Invalid access token"
access-control-allow-origin: *
access-control-allow-headers: Accept, App-Platform, Authorization, Content-Type, Origin, Retry-After, Spotify-App-Version, X-Cloud-Trace-Context, client-token, content-access-token
access-control-allow-methods: GET, POST, OPTIONS, PUT, DELETE, PATCH
access-control-allow-credentials: true
access-control-max-age: 604800
content-type: application/json
content-encoding: gzip
strict-transport-security: max-age=31536000
x-content-type-options: nosniff
date: Tue, 18 Mar 2025 17:16:21 GMT
server: envoy
Via: HTTP/2 edgeproxy, 1.1 google
Alt-Svc: h3=":443"; ma=2592000,h3-29=":443"; ma=2592000
Transfer-Encoding: chunked

{
    "error": {
        "status": 401,
        "message": "Invalid access token"
    }
}
]]></system-out>
  </testcase>
</testsuite>