<?xml version="1.0" encoding="UTF-8"?>
<!-- Generated by org.testng.reporters.JUnitReportReporter -->
<testsuite hostname="Rajhans" failures="0" tests="5" name="com.spotify2.test.PlaylistTest" time="6.801" errors="0" timestamp="2025-03-21T10:14:08 IST" skipped="0">
  <testcase classname="com.spotify2.test.PlaylistTest" name="shouldNotBeAbletoCreateAPlaylistwithExpiredToken" time="0.259"/>
  <testcase classname="com.spotify2.test.PlaylistTest" name="shouldBeAbletoCreateAPlaylist" time="5.370"/>
  <testcase classname="com.spotify2.test.PlaylistTest" name="shouldBeAbletoUpdateAPlaylist" time="0.455"/>
  <testcase classname="com.spotify2.test.PlaylistTest" name="shouldBeAbletoGetAPlaylist" time="0.440"/>
  <testcase classname="com.spotify2.test.PlaylistTest" name="shouldNotBeAbletoCreateAPlaylist" time="0.277"/>
</testsuite> <!-- com.spotify2.test.PlaylistTest -->
