<?xml version="1.0" encoding="UTF-8"?>
<!-- Generated by org.testng.reporters.JUnitReportReporter -->
<testsuite hostname="Rajhans" failures="0" tests="5" name="com.spotify2.test.PlaylistTest" time="12.111" errors="0" timestamp="2025-03-18T22:46:23 IST" skipped="0">
  <testcase classname="com.spotify2.test.PlaylistTest" name="shouldNotBeAbletoCreateAPlaylistwithExpiredToken" time="3.057"/>
  <testcase classname="com.spotify2.test.PlaylistTest" name="shouldBeAbletoGetAPlaylist" time="1.371"/>
  <testcase classname="com.spotify2.test.PlaylistTest" name="shouldBeAbletoCreateAPlaylist" time="6.281"/>
  <testcase classname="com.spotify2.test.PlaylistTest" name="shouldBeAbletoUpdateAPlaylist" time="0.760"/>
  <testcase classname="com.spotify2.test.PlaylistTest" name="shouldNotBeAbletoCreateAPlaylist" time="0.642"/>
</testsuite> <!-- com.spotify2.test.PlaylistTest -->
